     1 00000000                                 [FORMAT "WCOFF"]
     2 00000000                                 [INSTRSET "i486p"]
     3 00000000                                 [OPTIMIZE 1]
     4 00000000                                 [OPTION 1]
     5 00000000                                 [BITS 32]
     6 00000000                                 	EXTERN	_init_gdtidt
     7 00000000                                 	EXTERN	_init_pic
     8 00000000                                 	EXTERN	_io_sti
     9 00000000                                 	EXTERN	_fifo32_init
    10 00000000                                 	EXTERN	_init_pit
    11 00000000                                 	EXTERN	_init_keyboard
    12 00000000                                 	EXTERN	_io_out8
    13 00000000                                 	EXTERN	_memtest
    14 00000000                                 	EXTERN	_memman_init
    15 00000000                                 	EXTERN	_memman_free
    16 00000000                                 	EXTERN	_init_palette
    17 00000000                                 	EXTERN	_shtctl_init
    18 00000000                                 	EXTERN	_task_init
    19 00000000                                 	EXTERN	_task_run
    20 00000000                                 	EXTERN	_sheet_alloc
    21 00000000                                 	EXTERN	_memman_alloc_4k
    22 00000000                                 	EXTERN	_sheet_setbuf
    23 00000000                                 	EXTERN	_make_window8
    24 00000000                                 	EXTERN	_make_textbox8
    25 00000000                                 	EXTERN	_task_alloc
    26 00000000                                 	EXTERN	_console_task
    27 00000000                                 	EXTERN	_timer_alloc
    28 00000000                                 	EXTERN	_timer_init
    29 00000000                                 	EXTERN	_timer_settime
    30 00000000                                 	EXTERN	_init_mouse_cursor8
    31 00000000                                 	EXTERN	_sheet_slide
    32 00000000                                 	EXTERN	_sheet_updown
    33 00000000                                 	EXTERN	_fifo32_put
    34 00000000                                 	EXTERN	_fifo32_status
    35 00000000                                 	EXTERN	_io_cli
    36 00000000                                 	EXTERN	_fifo32_get
    37 00000000                                 	EXTERN	_keytable0.0
    38 00000000                                 	EXTERN	_boxfill8
    39 00000000                                 	EXTERN	_sheet_refresh
    40 00000000                                 	EXTERN	_wait_KBC_sendready
    41 00000000                                 	EXTERN	_keytable1.1
    42 00000000                                 	EXTERN	_task_sleep
    43 00000000                                 [FILE "bootpack.c"]
    44                                          [SECTION .data]
    45 00000000                                 _keytable0.0:
    46 00000000 00                              	DB	0
    47 00000001 00                              	DB	0
    48 00000002 31                              	DB	49
    49 00000003 32                              	DB	50
    50 00000004 33                              	DB	51
    51 00000005 34                              	DB	52
    52 00000006 35                              	DB	53
    53 00000007 36                              	DB	54
    54 00000008 37                              	DB	55
    55 00000009 38                              	DB	56
    56 0000000A 39                              	DB	57
    57 0000000B 30                              	DB	48
    58 0000000C 2D                              	DB	45
    59 0000000D 5E                              	DB	94
    60 0000000E 00                              	DB	0
    61 0000000F 00                              	DB	0
    62 00000010 51                              	DB	81
    63 00000011 57                              	DB	87
    64 00000012 45                              	DB	69
    65 00000013 52                              	DB	82
    66 00000014 54                              	DB	84
    67 00000015 59                              	DB	89
    68 00000016 55                              	DB	85
    69 00000017 49                              	DB	73
    70 00000018 4F                              	DB	79
    71 00000019 50                              	DB	80
    72 0000001A 40                              	DB	64
    73 0000001B 5B                              	DB	91
    74 0000001C 00                              	DB	0
    75 0000001D 00                              	DB	0
    76 0000001E 41                              	DB	65
    77 0000001F 53                              	DB	83
    78 00000020 44                              	DB	68
    79 00000021 46                              	DB	70
    80 00000022 47                              	DB	71
    81 00000023 48                              	DB	72
    82 00000024 4A                              	DB	74
    83 00000025 4B                              	DB	75
    84 00000026 4C                              	DB	76
    85 00000027 3B                              	DB	59
    86 00000028 3A                              	DB	58
    87 00000029 00                              	DB	0
    88 0000002A 00                              	DB	0
    89 0000002B 5D                              	DB	93
    90 0000002C 5A                              	DB	90
    91 0000002D 58                              	DB	88
    92 0000002E 43                              	DB	67
    93 0000002F 56                              	DB	86
    94 00000030 42                              	DB	66
    95 00000031 4E                              	DB	78
    96 00000032 4D                              	DB	77
    97 00000033 2C                              	DB	44
    98 00000034 2E                              	DB	46
    99 00000035 2F                              	DB	47
   100 00000036 00                              	DB	0
   101 00000037 2A                              	DB	42
   102 00000038 00                              	DB	0
   103 00000039 20                              	DB	32
   104 0000003A 00                              	DB	0
   105 0000003B 00                              	DB	0
   106 0000003C 00                              	DB	0
   107 0000003D 00                              	DB	0
   108 0000003E 00                              	DB	0
   109 0000003F 00                              	DB	0
   110 00000040 00                              	DB	0
   111 00000041 00                              	DB	0
   112 00000042 00                              	DB	0
   113 00000043 00                              	DB	0
   114 00000044 00                              	DB	0
   115 00000045 00                              	DB	0
   116 00000046 00                              	DB	0
   117 00000047 37                              	DB	55
   118 00000048 38                              	DB	56
   119 00000049 39                              	DB	57
   120 0000004A 2D                              	DB	45
   121 0000004B 34                              	DB	52
   122 0000004C 35                              	DB	53
   123 0000004D 36                              	DB	54
   124 0000004E 2B                              	DB	43
   125 0000004F 31                              	DB	49
   126 00000050 32                              	DB	50
   127 00000051 33                              	DB	51
   128 00000052 30                              	DB	48
   129 00000053 2E                              	DB	46
   130 00000054 00                              	DB	0
   131 00000055 00                              	DB	0
   132 00000056 00                              	DB	0
   133 00000057 00                              	DB	0
   134 00000058 00                              	DB	0
   135 00000059 00                              	DB	0
   136 0000005A 00                              	DB	0
   137 0000005B 00                              	DB	0
   138 0000005C 00                              	DB	0
   139 0000005D 00                              	DB	0
   140 0000005E 00                              	DB	0
   141 0000005F 00                              	DB	0
   142 00000060 00                              	DB	0
   143 00000061 00                              	DB	0
   144 00000062 00                              	DB	0
   145 00000063 00                              	DB	0
   146 00000064 00                              	DB	0
   147 00000065 00                              	DB	0
   148 00000066 00                              	DB	0
   149 00000067 00                              	DB	0
   150 00000068 00                              	DB	0
   151 00000069 00                              	DB	0
   152 0000006A 00                              	DB	0
   153 0000006B 00                              	DB	0
   154 0000006C 00                              	DB	0
   155 0000006D 00                              	DB	0
   156 0000006E 00                              	DB	0
   157 0000006F 00                              	DB	0
   158 00000070 00                              	DB	0
   159 00000071 00                              	DB	0
   160 00000072 00                              	DB	0
   161 00000073 5C                              	DB	92
   162 00000074 00                              	DB	0
   163 00000075 00                              	DB	0
   164 00000076 00                              	DB	0
   165 00000077 00                              	DB	0
   166 00000078 00                              	DB	0
   167 00000079 00                              	DB	0
   168 0000007A 00                              	DB	0
   169 0000007B 00                              	DB	0
   170 0000007C 00                              	DB	0
   171 0000007D 5C                              	DB	92
   172 0000007E 00                              	DB	0
   173 0000007F 00                              	DB	0
   174 00000080                                 _keytable1.1:
   175 00000080 00                              	DB	0
   176 00000081 00                              	DB	0
   177 00000082 21                              	DB	33
   178 00000083 22                              	DB	34
   179 00000084 23                              	DB	35
   180 00000085 24                              	DB	36
   181 00000086 25                              	DB	37
   182 00000087 26                              	DB	38
   183 00000088 27                              	DB	39
   184 00000089 28                              	DB	40
   185 0000008A 29                              	DB	41
   186 0000008B 7E                              	DB	126
   187 0000008C 3D                              	DB	61
   188 0000008D 7E                              	DB	126
   189 0000008E 00                              	DB	0
   190 0000008F 00                              	DB	0
   191 00000090 51                              	DB	81
   192 00000091 57                              	DB	87
   193 00000092 45                              	DB	69
   194 00000093 52                              	DB	82
   195 00000094 54                              	DB	84
   196 00000095 59                              	DB	89
   197 00000096 55                              	DB	85
   198 00000097 49                              	DB	73
   199 00000098 4F                              	DB	79
   200 00000099 50                              	DB	80
   201 0000009A 60                              	DB	96
   202 0000009B 7B                              	DB	123
   203 0000009C 00                              	DB	0
   204 0000009D 00                              	DB	0
   205 0000009E 41                              	DB	65
   206 0000009F 53                              	DB	83
   207 000000A0 44                              	DB	68
   208 000000A1 46                              	DB	70
   209 000000A2 47                              	DB	71
   210 000000A3 48                              	DB	72
   211 000000A4 4A                              	DB	74
   212 000000A5 4B                              	DB	75
   213 000000A6 4C                              	DB	76
   214 000000A7 2B                              	DB	43
   215 000000A8 2A                              	DB	42
   216 000000A9 00                              	DB	0
   217 000000AA 00                              	DB	0
   218 000000AB 7D                              	DB	125
   219 000000AC 5A                              	DB	90
   220 000000AD 58                              	DB	88
   221 000000AE 43                              	DB	67
   222 000000AF 56                              	DB	86
   223 000000B0 42                              	DB	66
   224 000000B1 4E                              	DB	78
   225 000000B2 4D                              	DB	77
   226 000000B3 3C                              	DB	60
   227 000000B4 3E                              	DB	62
   228 000000B5 3F                              	DB	63
   229 000000B6 00                              	DB	0
   230 000000B7 2A                              	DB	42
   231 000000B8 00                              	DB	0
   232 000000B9 20                              	DB	32
   233 000000BA 00                              	DB	0
   234 000000BB 00                              	DB	0
   235 000000BC 00                              	DB	0
   236 000000BD 00                              	DB	0
   237 000000BE 00                              	DB	0
   238 000000BF 00                              	DB	0
   239 000000C0 00                              	DB	0
   240 000000C1 00                              	DB	0
   241 000000C2 00                              	DB	0
   242 000000C3 00                              	DB	0
   243 000000C4 00                              	DB	0
   244 000000C5 00                              	DB	0
   245 000000C6 00                              	DB	0
   246 000000C7 37                              	DB	55
   247 000000C8 38                              	DB	56
   248 000000C9 39                              	DB	57
   249 000000CA 2D                              	DB	45
   250 000000CB 34                              	DB	52
   251 000000CC 35                              	DB	53
   252 000000CD 36                              	DB	54
   253 000000CE 2B                              	DB	43
   254 000000CF 31                              	DB	49
   255 000000D0 32                              	DB	50
   256 000000D1 33                              	DB	51
   257 000000D2 30                              	DB	48
   258 000000D3 2E                              	DB	46
   259 000000D4 00                              	DB	0
   260 000000D5 00                              	DB	0
   261 000000D6 00                              	DB	0
   262 000000D7 00                              	DB	0
   263 000000D8 00                              	DB	0
   264 000000D9 00                              	DB	0
   265 000000DA 00                              	DB	0
   266 000000DB 00                              	DB	0
   267 000000DC 00                              	DB	0
   268 000000DD 00                              	DB	0
   269 000000DE 00                              	DB	0
   270 000000DF 00                              	DB	0
   271 000000E0 00                              	DB	0
   272 000000E1 00                              	DB	0
   273 000000E2 00                              	DB	0
   274 000000E3 00                              	DB	0
   275 000000E4 00                              	DB	0
   276 000000E5 00                              	DB	0
   277 000000E6 00                              	DB	0
   278 000000E7 00                              	DB	0
   279 000000E8 00                              	DB	0
   280 000000E9 00                              	DB	0
   281 000000EA 00                              	DB	0
   282 000000EB 00                              	DB	0
   283 000000EC 00                              	DB	0
   284 000000ED 00                              	DB	0
   285 000000EE 00                              	DB	0
   286 000000EF 00                              	DB	0
   287 000000F0 00                              	DB	0
   288 000000F1 00                              	DB	0
   289 000000F2 00                              	DB	0
   290 000000F3 5F                              	DB	95
   291 000000F4 00                              	DB	0
   292 000000F5 00                              	DB	0
   293 000000F6 00                              	DB	0
   294 000000F7 00                              	DB	0
   295 000000F8 00                              	DB	0
   296 000000F9 00                              	DB	0
   297 000000FA 00                              	DB	0
   298 000000FB 00                              	DB	0
   299 000000FC 00                              	DB	0
   300 000000FD 7C                              	DB	124
   301 000000FE 00                              	DB	0
   302 000000FF 00                              	DB	0
   303 00000100                                 LC0:
   304 00000100 63 6F 6E 73 6F 6C 65 00         	DB	"console",0x00
   305 00000108                                 LC1:
   306 00000108 74 61 73 6B 5F 61 00            	DB	"task_a",0x00
   307                                          [SECTION .text]
   308 00000000                                 	GLOBAL	_HariMain
   309 00000000                                 _HariMain:
   310 00000000 55                              	PUSH	EBP
   311 00000001 89 E5                           	MOV	EBP,ESP
   312 00000003 57                              	PUSH	EDI
   313 00000004 56                              	PUSH	ESI
   314 00000005 53                              	PUSH	EBX
   315 00000006 81 EC 00000410                  	SUB	ESP,1040
   316 0000000C C7 85 FFFFFBF0 00000000         	MOV	DWORD [-1040+EBP],0
   317 00000016 A0 00000FF1                     	MOV	AL,BYTE [4081]
   318 0000001B C0 F8 04                        	SAR	AL,4
   319 0000001E 89 C2                           	MOV	EDX,EAX
   320 00000020 83 E2 07                        	AND	EDX,7
   321 00000023 89 95 FFFFFBEC                  	MOV	DWORD [-1044+EBP],EDX
   322 00000029 C7 85 FFFFFBE8 FFFFFFFF         	MOV	DWORD [-1048+EBP],-1
   323 00000033 E8 [00000000]                   	CALL	_init_gdtidt
   324 00000038 E8 [00000000]                   	CALL	_init_pic
   325 0000003D E8 [00000000]                   	CALL	_io_sti
   326 00000042 8D 85 FFFFFD84                  	LEA	EAX,DWORD [-636+EBP]
   327 00000048 6A 00                           	PUSH	0
   328 0000004A 50                              	PUSH	EAX
   329 0000004B 8D 45 A4                        	LEA	EAX,DWORD [-92+EBP]
   330 0000004E 68 00000080                     	PUSH	128
   331 00000053 50                              	PUSH	EAX
   332 00000054 E8 [00000000]                   	CALL	_fifo32_init
   333 00000059 E8 [00000000]                   	CALL	_init_pit
   334 0000005E 8D 55 A4                        	LEA	EDX,DWORD [-92+EBP]
   335 00000061 68 00000100                     	PUSH	256
   336 00000066 52                              	PUSH	EDX
   337 00000067 E8 [00000000]                   	CALL	_init_keyboard
   338 0000006C 68 000000F8                     	PUSH	248
   339 00000071 6A 21                           	PUSH	33
   340 00000073 E8 [00000000]                   	CALL	_io_out8
   341 00000078 83 C4 20                        	ADD	ESP,32
   342 0000007B 68 000000EF                     	PUSH	239
   343 00000080 68 000000A1                     	PUSH	161
   344 00000085 E8 [00000000]                   	CALL	_io_out8
   345 0000008A 8D 85 FFFFFD04                  	LEA	EAX,DWORD [-764+EBP]
   346 00000090 6A 00                           	PUSH	0
   347 00000092 50                              	PUSH	EAX
   348 00000093 8D 45 84                        	LEA	EAX,DWORD [-124+EBP]
   349 00000096 6A 20                           	PUSH	32
   350 00000098 50                              	PUSH	EAX
   351 00000099 E8 [00000000]                   	CALL	_fifo32_init
   352 0000009E 68 BFFFFFFF                     	PUSH	-1073741825
   353 000000A3 68 00400000                     	PUSH	4194304
   354 000000A8 E8 [00000000]                   	CALL	_memtest
   355 000000AD 83 C4 20                        	ADD	ESP,32
   356 000000B0 68 003C0000                     	PUSH	3932160
   357 000000B5 89 85 FFFFFC00                  	MOV	DWORD [-1024+EBP],EAX
   358 000000BB E8 [00000000]                   	CALL	_memman_init
   359 000000C0 68 0009E000                     	PUSH	647168
   360 000000C5 68 00001000                     	PUSH	4096
   361 000000CA 68 003C0000                     	PUSH	3932160
   362 000000CF E8 [00000000]                   	CALL	_memman_free
   363 000000D4 8B 85 FFFFFC00                  	MOV	EAX,DWORD [-1024+EBP]
   364 000000DA 2D 00400000                     	SUB	EAX,4194304
   365 000000DF 50                              	PUSH	EAX
   366 000000E0 68 00400000                     	PUSH	4194304
   367 000000E5 68 003C0000                     	PUSH	3932160
   368 000000EA E8 [00000000]                   	CALL	_memman_free
   369 000000EF E8 [00000000]                   	CALL	_init_palette
   370 000000F4 0F BF 05 00000FF6               	MOVSX	EAX,WORD [4086]
   371 000000FB 50                              	PUSH	EAX
   372 000000FC 0F BF 05 00000FF4               	MOVSX	EAX,WORD [4084]
   373 00000103 50                              	PUSH	EAX
   374 00000104 FF 35 00000FF8                  	PUSH	DWORD [4088]
   375 0000010A 68 003C0000                     	PUSH	3932160
   376 0000010F E8 [00000000]                   	CALL	_shtctl_init
   377 00000114 83 C4 2C                        	ADD	ESP,44
   378 00000117 89 C6                           	MOV	ESI,EAX
   379 00000119 68 003C0000                     	PUSH	3932160
   380 0000011E E8 [00000000]                   	CALL	_task_init
   381 00000123 6A 02                           	PUSH	2
   382 00000125 6A 01                           	PUSH	1
   383 00000127 50                              	PUSH	EAX
   384 00000128 89 85 FFFFFBF4                  	MOV	DWORD [-1036+EBP],EAX
   385 0000012E 89 45 BC                        	MOV	DWORD [-68+EBP],EAX
   386 00000131 E8 [00000000]                   	CALL	_task_run
   387 00000136 56                              	PUSH	ESI
   388 00000137 E8 [00000000]                   	CALL	_sheet_alloc
   389 0000013C 68 000C0000                     	PUSH	786432
   390 00000141 68 003C0000                     	PUSH	3932160
   391 00000146 89 85 FFFFFBF8                  	MOV	DWORD [-1032+EBP],EAX
   392 0000014C E8 [00000000]                   	CALL	_memman_alloc_4k
   393 00000151 6A FF                           	PUSH	-1
   394 00000153 89 C3                           	MOV	EBX,EAX
   395 00000155 68 00000300                     	PUSH	768
   396 0000015A 68 00000400                     	PUSH	1024
   397 0000015F 50                              	PUSH	EAX
   398 00000160 FF B5 FFFFFBF8                  	PUSH	DWORD [-1032+EBP]
   399 00000166 E8 [00000000]                   	CALL	_sheet_setbuf
   400 0000016B 83 C4 30                        	ADD	ESP,48
   401 0000016E 6A 01                           	PUSH	1
   402 00000170 68 [00000100]                   	PUSH	LC0
   403 00000175 68 00000300                     	PUSH	768
   404 0000017A 68 00000400                     	PUSH	1024
   405 0000017F 53                              	PUSH	EBX
   406 00000180 E8 [00000000]                   	CALL	_make_window8
   407 00000185 6A 00                           	PUSH	0
   408 00000187 68 000002DB                     	PUSH	731
   409 0000018C 68 000003F0                     	PUSH	1008
   410 00000191 6A 1C                           	PUSH	28
   411 00000193 6A 08                           	PUSH	8
   412 00000195 FF B5 FFFFFBF8                  	PUSH	DWORD [-1032+EBP]
   413 0000019B E8 [00000000]                   	CALL	_make_textbox8
   414 000001A0 83 C4 2C                        	ADD	ESP,44
   415 000001A3 E8 [00000000]                   	CALL	_task_alloc
   416 000001A8 68 00010000                     	PUSH	65536
   417 000001AD 89 C7                           	MOV	EDI,EAX
   418 000001AF 68 003C0000                     	PUSH	3932160
   419 000001B4 E8 [00000000]                   	CALL	_memman_alloc_4k
   420 000001B9 8B 95 FFFFFBF8                  	MOV	EDX,DWORD [-1032+EBP]
   421 000001BF 05 0000FFF4                     	ADD	EAX,65524
   422 000001C4 89 47 64                        	MOV	DWORD [100+EDI],EAX
   423 000001C7 C7 47 4C [00000000]             	MOV	DWORD [76+EDI],_console_task
   424 000001CE C7 47 74 00000008               	MOV	DWORD [116+EDI],8
   425 000001D5 C7 47 78 00000010               	MOV	DWORD [120+EDI],16
   426 000001DC C7 47 7C 00000008               	MOV	DWORD [124+EDI],8
   427 000001E3 C7 87 00000080 00000008         	MOV	DWORD [128+EDI],8
   428 000001ED C7 87 00000084 00000008         	MOV	DWORD [132+EDI],8
   429 000001F7 C7 87 00000088 00000008         	MOV	DWORD [136+EDI],8
   430 00000201 89 50 04                        	MOV	DWORD [4+EAX],EDX
   431 00000204 8B 95 FFFFFC00                  	MOV	EDX,DWORD [-1024+EBP]
   432 0000020A 8B 47 64                        	MOV	EAX,DWORD [100+EDI]
   433 0000020D 89 50 08                        	MOV	DWORD [8+EAX],EDX
   434 00000210 6A 02                           	PUSH	2
   435 00000212 6A 02                           	PUSH	2
   436 00000214 57                              	PUSH	EDI
   437 00000215 E8 [00000000]                   	CALL	_task_run
   438 0000021A 56                              	PUSH	ESI
   439 0000021B E8 [00000000]                   	CALL	_sheet_alloc
   440 00000220 68 00002080                     	PUSH	8320
   441 00000225 68 003C0000                     	PUSH	3932160
   442 0000022A 89 85 FFFFFBFC                  	MOV	DWORD [-1028+EBP],EAX
   443 00000230 E8 [00000000]                   	CALL	_memman_alloc_4k
   444 00000235 83 C4 20                        	ADD	ESP,32
   445 00000238 89 C3                           	MOV	EBX,EAX
   446 0000023A 6A FF                           	PUSH	-1
   447 0000023C 6A 34                           	PUSH	52
   448 0000023E 68 00000090                     	PUSH	144
   449 00000243 50                              	PUSH	EAX
   450 00000244 FF B5 FFFFFBFC                  	PUSH	DWORD [-1028+EBP]
   451 0000024A E8 [00000000]                   	CALL	_sheet_setbuf
   452 0000024F 6A 01                           	PUSH	1
   453 00000251 68 [00000108]                   	PUSH	LC1
   454 00000256 6A 34                           	PUSH	52
   455 00000258 68 00000090                     	PUSH	144
   456 0000025D 53                              	PUSH	EBX
   457 0000025E E8 [00000000]                   	CALL	_make_window8
   458 00000263 83 C4 28                        	ADD	ESP,40
   459 00000266 6A 07                           	PUSH	7
   460 00000268 6A 10                           	PUSH	16
   461 0000026A 68 00000080                     	PUSH	128
   462 0000026F 6A 1C                           	PUSH	28
   463 00000271 6A 08                           	PUSH	8
   464 00000273 FF B5 FFFFFBFC                  	PUSH	DWORD [-1028+EBP]
   465 00000279 E8 [00000000]                   	CALL	_make_textbox8
   466 0000027E E8 [00000000]                   	CALL	_timer_alloc
   467 00000283 6A 01                           	PUSH	1
   468 00000285 89 C3                           	MOV	EBX,EAX
   469 00000287 8D 45 A4                        	LEA	EAX,DWORD [-92+EBP]
   470 0000028A 50                              	PUSH	EAX
   471 0000028B 53                              	PUSH	EBX
   472 0000028C E8 [00000000]                   	CALL	_timer_init
   473 00000291 83 C4 24                        	ADD	ESP,36
   474 00000294 6A 32                           	PUSH	50
   475 00000296 53                              	PUSH	EBX
   476 00000297 8D 9D FFFFFC04                  	LEA	EBX,DWORD [-1020+EBP]
   477 0000029D E8 [00000000]                   	CALL	_timer_settime
   478 000002A2 56                              	PUSH	ESI
   479 000002A3 E8 [00000000]                   	CALL	_sheet_alloc
   480 000002A8 6A 63                           	PUSH	99
   481 000002AA 6A 10                           	PUSH	16
   482 000002AC 89 C6                           	MOV	ESI,EAX
   483 000002AE 6A 10                           	PUSH	16
   484 000002B0 53                              	PUSH	EBX
   485 000002B1 50                              	PUSH	EAX
   486 000002B2 E8 [00000000]                   	CALL	_sheet_setbuf
   487 000002B7 83 C4 20                        	ADD	ESP,32
   488 000002BA 6A 63                           	PUSH	99
   489 000002BC 53                              	PUSH	EBX
   490 000002BD E8 [00000000]                   	CALL	_init_mouse_cursor8
   491 000002C2 B9 00000002                     	MOV	ECX,2
   492 000002C7 0F BF 05 00000FF4               	MOVSX	EAX,WORD [4084]
   493 000002CE 8D 50 F0                        	LEA	EDX,DWORD [-16+EAX]
   494 000002D1 89 D0                           	MOV	EAX,EDX
   495 000002D3 99                              	CDQ
   496 000002D4 F7 F9                           	IDIV	ECX
   497 000002D6 0F BF 15 00000FF6               	MOVSX	EDX,WORD [4086]
   498 000002DD 83 EA 2C                        	SUB	EDX,44
   499 000002E0 89 85 FFFFFBE4                  	MOV	DWORD [-1052+EBP],EAX
   500 000002E6 89 D0                           	MOV	EAX,EDX
   501 000002E8 6A 00                           	PUSH	0
   502 000002EA 99                              	CDQ
   503 000002EB F7 F9                           	IDIV	ECX
   504 000002ED 6A 00                           	PUSH	0
   505 000002EF 89 C3                           	MOV	EBX,EAX
   506 000002F1 FF B5 FFFFFBF8                  	PUSH	DWORD [-1032+EBP]
   507 000002F7 E8 [00000000]                   	CALL	_sheet_slide
   508 000002FC 6A 38                           	PUSH	56
   509 000002FE 6A 40                           	PUSH	64
   510 00000300 FF B5 FFFFFBFC                  	PUSH	DWORD [-1028+EBP]
   511 00000306 E8 [00000000]                   	CALL	_sheet_slide
   512 0000030B 83 C4 20                        	ADD	ESP,32
   513 0000030E 53                              	PUSH	EBX
   514 0000030F FF B5 FFFFFBE4                  	PUSH	DWORD [-1052+EBP]
   515 00000315 56                              	PUSH	ESI
   516 00000316 E8 [00000000]                   	CALL	_sheet_slide
   517 0000031B 6A 02                           	PUSH	2
   518 0000031D FF B5 FFFFFBFC                  	PUSH	DWORD [-1028+EBP]
   519 00000323 E8 [00000000]                   	CALL	_sheet_updown
   520 00000328 6A 03                           	PUSH	3
   521 0000032A 56                              	PUSH	ESI
   522 0000032B E8 [00000000]                   	CALL	_sheet_updown
   523 00000330 6A 05                           	PUSH	5
   524 00000332 FF B5 FFFFFBF8                  	PUSH	DWORD [-1032+EBP]
   525 00000338 E8 [00000000]                   	CALL	_sheet_updown
   526 0000033D 8D 55 84                        	LEA	EDX,DWORD [-124+EBP]
   527 00000340 83 C4 24                        	ADD	ESP,36
   528 00000343 68 000000ED                     	PUSH	237
   529 00000348 52                              	PUSH	EDX
   530 00000349 E8 [00000000]                   	CALL	_fifo32_put
   531 0000034E 8D 45 84                        	LEA	EAX,DWORD [-124+EBP]
   532 00000351 FF B5 FFFFFBEC                  	PUSH	DWORD [-1044+EBP]
   533 00000357 50                              	PUSH	EAX
   534 00000358 E8 [00000000]                   	CALL	_fifo32_put
   535 0000035D 83 C4 10                        	ADD	ESP,16
   536 00000360                                 L2:
   537 00000360 8D 5D 84                        	LEA	EBX,DWORD [-124+EBP]
   538 00000363 53                              	PUSH	EBX
   539 00000364 E8 [00000000]                   	CALL	_fifo32_status
   540 00000369 5A                              	POP	EDX
   541 0000036A 85 C0                           	TEST	EAX,EAX
   542 0000036C 7E 0D                           	JLE	L5
   543 0000036E 83 BD FFFFFBE8 00               	CMP	DWORD [-1048+EBP],0
   544 00000375 0F 88 00000281                  	JS	L34
   545 0000037B                                 L5:
   546 0000037B 8D 5D A4                        	LEA	EBX,DWORD [-92+EBP]
   547 0000037E E8 [00000000]                   	CALL	_io_cli
   548 00000383 53                              	PUSH	EBX
   549 00000384 E8 [00000000]                   	CALL	_fifo32_status
   550 00000389 5E                              	POP	ESI
   551 0000038A 85 C0                           	TEST	EAX,EAX
   552 0000038C 0F 84 00000254                  	JE	L35
   553 00000392 53                              	PUSH	EBX
   554 00000393 E8 [00000000]                   	CALL	_fifo32_get
   555 00000398 89 C6                           	MOV	ESI,EAX
   556 0000039A E8 [00000000]                   	CALL	_io_sti
   557 0000039F 5A                              	POP	EDX
   558 000003A0 8D 86 FFFFFF00                  	LEA	EAX,DWORD [-256+ESI]
   559 000003A6 3D 000000FF                     	CMP	EAX,255
   560 000003AB 77 B3                           	JA	L2
   561 000003AD 81 FE 0000017F                  	CMP	ESI,383
   562 000003B3 0F 8F 00000224                  	JG	L9
   563 000003B9 83 BD FFFFFBF0 00               	CMP	DWORD [-1040+EBP],0
   564 000003C0 0F 85 0000020C                  	JNE	L10
   565 000003C6 8A 86 [FFFFFF00]                	MOV	AL,BYTE [_keytable0.0-256+ESI]
   566 000003CC                                 L33:
   567 000003CC 88 45 C4                        	MOV	BYTE [-60+EBP],AL
   568 000003CF                                 L12:
   569 000003CF 8A 55 C4                        	MOV	DL,BYTE [-60+EBP]
   570 000003D2 8D 42 BF                        	LEA	EAX,DWORD [-65+EDX]
   571 000003D5 3C 19                           	CMP	AL,25
   572 000003D7 77 1D                           	JA	L13
   573 000003D9 F7 85 FFFFFBEC 00000004         	TEST	DWORD [-1044+EBP],4
   574 000003E3 0F 85 000001DA                  	JNE	L31
   575 000003E9 83 BD FFFFFBF0 00               	CMP	DWORD [-1040+EBP],0
   576 000003F0 0F 84 000001C2                  	JE	L15
   577 000003F6                                 L13:
   578 000003F6 8A 45 C4                        	MOV	AL,BYTE [-60+EBP]
   579 000003F9 84 C0                           	TEST	AL,AL
   580 000003FB 74 14                           	JE	L17
   581 000003FD 0F BE C0                        	MOVSX	EAX,AL
   582 00000400 05 00000100                     	ADD	EAX,256
   583 00000405 50                              	PUSH	EAX
   584 00000406 8D 47 10                        	LEA	EAX,DWORD [16+EDI]
   585 00000409 50                              	PUSH	EAX
   586 0000040A E8 [00000000]                   	CALL	_fifo32_put
   587 0000040F 59                              	POP	ECX
   588 00000410 5B                              	POP	EBX
   589 00000411                                 L17:
   590 00000411 81 FE 0000010E                  	CMP	ESI,270
   591 00000417 0F 84 00000186                  	JE	L36
   592 0000041D                                 L18:
   593 0000041D 81 FE 0000011C                  	CMP	ESI,284
   594 00000423 0F 84 00000165                  	JE	L37
   595 00000429                                 L19:
   596 00000429 81 FE 0000012A                  	CMP	ESI,298
   597 0000042F 0F 84 0000014D                  	JE	L38
   598 00000435                                 L21:
   599 00000435 81 FE 00000136                  	CMP	ESI,310
   600 0000043B 0F 84 00000135                  	JE	L39
   601 00000441                                 L22:
   602 00000441 81 FE 000001AA                  	CMP	ESI,426
   603 00000447 0F 84 0000011D                  	JE	L40
   604 0000044D                                 L23:
   605 0000044D 81 FE 000001B6                  	CMP	ESI,438
   606 00000453 0F 84 00000105                  	JE	L41
   607 00000459                                 L24:
   608 00000459 81 FE 0000013A                  	CMP	ESI,314
   609 0000045F 0F 84 000000D0                  	JE	L42
   610 00000465                                 L25:
   611 00000465 81 FE 00000145                  	CMP	ESI,325
   612 0000046B 0F 84 0000009B                  	JE	L43
   613 00000471                                 L26:
   614 00000471 81 FE 00000146                  	CMP	ESI,326
   615 00000477 74 6A                           	JE	L44
   616 00000479                                 L27:
   617 00000479 81 FE 000001FA                  	CMP	ESI,506
   618 0000047F 74 56                           	JE	L45
   619 00000481                                 L28:
   620 00000481 81 FE 000001FE                  	CMP	ESI,510
   621 00000487 74 38                           	JE	L46
   622 00000489                                 L32:
   623 00000489 6A 2B                           	PUSH	43
   624 0000048B 8B 95 FFFFFBFC                  	MOV	EDX,DWORD [-1028+EBP]
   625 00000491 6A 0F                           	PUSH	15
   626 00000493 6A 1C                           	PUSH	28
   627 00000495 6A 08                           	PUSH	8
   628 00000497 6A 07                           	PUSH	7
   629 00000499 FF 72 04                        	PUSH	DWORD [4+EDX]
   630 0000049C FF 32                           	PUSH	DWORD [EDX]
   631 0000049E E8 [00000000]                   	CALL	_boxfill8
   632 000004A3 83 C4 1C                        	ADD	ESP,28
   633 000004A6 6A 2C                           	PUSH	44
   634 000004A8 6A 10                           	PUSH	16
   635 000004AA 6A 1C                           	PUSH	28
   636 000004AC 6A 08                           	PUSH	8
   637 000004AE FF B5 FFFFFBFC                  	PUSH	DWORD [-1028+EBP]
   638 000004B4 E8 [00000000]                   	CALL	_sheet_refresh
   639 000004B9 83 C4 14                        	ADD	ESP,20
   640 000004BC E9 FFFFFE9F                     	JMP	L2
   641 000004C1                                 L46:
   642 000004C1 E8 [00000000]                   	CALL	_wait_KBC_sendready
   643 000004C6 FF B5 FFFFFBE8                  	PUSH	DWORD [-1048+EBP]
   644 000004CC 6A 60                           	PUSH	96
   645 000004CE E8 [00000000]                   	CALL	_io_out8
   646 000004D3 58                              	POP	EAX
   647 000004D4 5A                              	POP	EDX
   648 000004D5 EB B2                           	JMP	L32
   649 000004D7                                 L45:
   650 000004D7 C7 85 FFFFFBE8 FFFFFFFF         	MOV	DWORD [-1048+EBP],-1
   651 000004E1 EB 9E                           	JMP	L28
   652 000004E3                                 L44:
   653 000004E3 68 000000ED                     	PUSH	237
   654 000004E8 8D 5D 84                        	LEA	EBX,DWORD [-124+EBP]
   655 000004EB 53                              	PUSH	EBX
   656 000004EC 83 B5 FFFFFBEC 01               	XOR	DWORD [-1044+EBP],1
   657 000004F3 E8 [00000000]                   	CALL	_fifo32_put
   658 000004F8 FF B5 FFFFFBEC                  	PUSH	DWORD [-1044+EBP]
   659 000004FE 53                              	PUSH	EBX
   660 000004FF E8 [00000000]                   	CALL	_fifo32_put
   661 00000504 83 C4 10                        	ADD	ESP,16
   662 00000507 E9 FFFFFF6D                     	JMP	L27
   663 0000050C                                 L43:
   664 0000050C 68 000000ED                     	PUSH	237
   665 00000511 8D 5D 84                        	LEA	EBX,DWORD [-124+EBP]
   666 00000514 53                              	PUSH	EBX
   667 00000515 83 B5 FFFFFBEC 02               	XOR	DWORD [-1044+EBP],2
   668 0000051C E8 [00000000]                   	CALL	_fifo32_put
   669 00000521 FF B5 FFFFFBEC                  	PUSH	DWORD [-1044+EBP]
   670 00000527 53                              	PUSH	EBX
   671 00000528 E8 [00000000]                   	CALL	_fifo32_put
   672 0000052D 83 C4 10                        	ADD	ESP,16
   673 00000530 E9 FFFFFF3C                     	JMP	L26
   674 00000535                                 L42:
   675 00000535 68 000000ED                     	PUSH	237
   676 0000053A 8D 5D 84                        	LEA	EBX,DWORD [-124+EBP]
   677 0000053D 53                              	PUSH	EBX
   678 0000053E 83 B5 FFFFFBEC 04               	XOR	DWORD [-1044+EBP],4
   679 00000545 E8 [00000000]                   	CALL	_fifo32_put
   680 0000054A FF B5 FFFFFBEC                  	PUSH	DWORD [-1044+EBP]
   681 00000550 53                              	PUSH	EBX
   682 00000551 E8 [00000000]                   	CALL	_fifo32_put
   683 00000556 83 C4 10                        	ADD	ESP,16
   684 00000559 E9 FFFFFF07                     	JMP	L25
   685 0000055E                                 L41:
   686 0000055E 83 A5 FFFFFBF0 FD               	AND	DWORD [-1040+EBP],-3
   687 00000565 E9 FFFFFEEF                     	JMP	L24
   688 0000056A                                 L40:
   689 0000056A 83 A5 FFFFFBF0 FE               	AND	DWORD [-1040+EBP],-2
   690 00000571 E9 FFFFFED7                     	JMP	L23
   691 00000576                                 L39:
   692 00000576 83 8D FFFFFBF0 02               	OR	DWORD [-1040+EBP],2
   693 0000057D E9 FFFFFEBF                     	JMP	L22
   694 00000582                                 L38:
   695 00000582 83 8D FFFFFBF0 01               	OR	DWORD [-1040+EBP],1
   696 00000589 E9 FFFFFEA7                     	JMP	L21
   697 0000058E                                 L37:
   698 0000058E 68 0000010A                     	PUSH	266
   699 00000593 8D 47 10                        	LEA	EAX,DWORD [16+EDI]
   700 00000596 50                              	PUSH	EAX
   701 00000597 E8 [00000000]                   	CALL	_fifo32_put
   702 0000059C 59                              	POP	ECX
   703 0000059D 5B                              	POP	EBX
   704 0000059E E9 FFFFFE86                     	JMP	L19
   705 000005A3                                 L36:
   706 000005A3 68 00000108                     	PUSH	264
   707 000005A8 8D 47 10                        	LEA	EAX,DWORD [16+EDI]
   708 000005AB 50                              	PUSH	EAX
   709 000005AC E8 [00000000]                   	CALL	_fifo32_put
   710 000005B1 58                              	POP	EAX
   711 000005B2 5A                              	POP	EDX
   712 000005B3 E9 FFFFFE65                     	JMP	L18
   713 000005B8                                 L15:
   714 000005B8 8D 42 20                        	LEA	EAX,DWORD [32+EDX]
   715 000005BB 88 45 C4                        	MOV	BYTE [-60+EBP],AL
   716 000005BE E9 FFFFFE33                     	JMP	L13
   717 000005C3                                 L31:
   718 000005C3 83 BD FFFFFBF0 00               	CMP	DWORD [-1040+EBP],0
   719 000005CA 0F 84 FFFFFE26                  	JE	L13
   720 000005D0 EB E6                           	JMP	L15
   721 000005D2                                 L10:
   722 000005D2 8A 86 [FFFFFF80]                	MOV	AL,BYTE [_keytable1.1-256+ESI]
   723 000005D8 E9 FFFFFDEF                     	JMP	L33
   724 000005DD                                 L9:
   725 000005DD C6 45 C4 00                     	MOV	BYTE [-60+EBP],0
   726 000005E1 E9 FFFFFDE9                     	JMP	L12
   727 000005E6                                 L35:
   728 000005E6 FF B5 FFFFFBF4                  	PUSH	DWORD [-1036+EBP]
   729 000005EC E8 [00000000]                   	CALL	_task_sleep
   730 000005F1 E8 [00000000]                   	CALL	_io_sti
   731 000005F6 59                              	POP	ECX
   732 000005F7 E9 FFFFFD64                     	JMP	L2
   733 000005FC                                 L34:
   734 000005FC 53                              	PUSH	EBX
   735 000005FD E8 [00000000]                   	CALL	_fifo32_get
   736 00000602 89 85 FFFFFBE8                  	MOV	DWORD [-1048+EBP],EAX
   737 00000608 E8 [00000000]                   	CALL	_wait_KBC_sendready
   738 0000060D FF B5 FFFFFBE8                  	PUSH	DWORD [-1048+EBP]
   739 00000613 6A 60                           	PUSH	96
   740 00000615 E8 [00000000]                   	CALL	_io_out8
   741 0000061A 83 C4 0C                        	ADD	ESP,12
   742 0000061D E9 FFFFFD59                     	JMP	L5
